running develop
/usr/lib/python3/dist-packages/setuptools/command/easy_install.py:158: EasyInstallDeprecationWarning: easy_install command is deprecated. Use build and pip and other standards-based tools.
  warnings.warn(
running egg_info
creating stablizating_platform.egg-info
writing stablizating_platform.egg-info/PKG-INFO
writing dependency_links to stablizating_platform.egg-info/dependency_links.txt
writing entry points to stablizating_platform.egg-info/entry_points.txt
writing requirements to stablizating_platform.egg-info/requires.txt
writing top-level names to stablizating_platform.egg-info/top_level.txt
writing manifest file 'stablizating_platform.egg-info/SOURCES.txt'
reading manifest file 'stablizating_platform.egg-info/SOURCES.txt'
writing manifest file 'stablizating_platform.egg-info/SOURCES.txt'
running build_ext
Creating /home/vardan/stablizing_platform/ros2_ws/install/stablizating_platform/lib/python3.10/site-packages/stablizating-platform.egg-link (link to .)

Installed /home/vardan/stablizing_platform/ros2_ws/build/stablizating_platform
running symlink_data
creating /home/vardan/stablizing_platform/ros2_ws/install/stablizating_platform/share/ament_index
creating /home/vardan/stablizing_platform/ros2_ws/install/stablizating_platform/share/ament_index/resource_index
creating /home/vardan/stablizing_platform/ros2_ws/install/stablizating_platform/share/ament_index/resource_index/packages
symbolically linking /home/vardan/stablizing_platform/ros2_ws/build/stablizating_platform/resource/stablizating_platform -> /home/vardan/stablizing_platform/ros2_ws/install/stablizating_platform/share/ament_index/resource_index/packages
symbolically linking /home/vardan/stablizing_platform/ros2_ws/build/stablizating_platform/package.xml -> /home/vardan/stablizing_platform/ros2_ws/install/stablizating_platform/share/stablizating_platform
